15:02:10 **** Incremental Build of configuration Release for project AllSensors ****
make all 
Building target: AllSensors
Printing size:
"/Users/sgerasimou/Documents/Eclipse/Eclipse Arduino/Eclipse Arduino.app/Contents/Eclipse//arduinoPlugin/packages/arduino/tools/avr-gcc/4.9.2-atmel3.5.3-arduino2/bin/avr-size" -A "/Users/sgerasimou/Documents/Programming/sloeber-workspace/AllSensors/Release/AllSensors.elf"
/Users/sgerasimou/Documents/Programming/sloeber-workspace/AllSensors/Release/AllSensors.elf  :
section                     size      addr
.data                        118   8388864
.text                       7960         0
.bss                         440   8388982
.comment                      17         0
.note.gnu.avr.deviceinfo      64         0
.debug_aranges                80         0
.debug_info                21406         0
.debug_abbrev               4833         0
.debug_line                 4540         0
.debug_frame                1484         0
.debug_str                  4777         0
.debug_loc                 10019         0
.debug_ranges                592         0
Total                      56330


Finished building target: AllSensors
 

15:02:10 Build Finished (took 67ms)

