13:33:43 **** Build of configuration Release for project HelloWorld ****
make all 
Building file: ../.ino.cpp
Starting C++ compile
"/Users/sgerasimou/Documents/Eclipse/Eclipse Arduino/Eclipse Arduino.app/Contents/Eclipse//arduinoPlugin/packages/arduino/tools/avr-gcc/4.9.2-atmel3.5.3-arduino2/bin/avr-g++" -c -g -Os -Wall -Wextra -std=gnu++11 -fpermissive -fno-exceptions -ffunction-sections -fdata-sections -fno-threadsafe-statics -flto -mmcu=atmega328p -DF_CPU=16000000L -DARDUINO=10609 -DARDUINO_AVR_UNO -DARDUINO_ARCH_AVR   -I"/Users/sgerasimou/Documents/Eclipse/Eclipse Arduino/Eclipse Arduino.app/Contents/Eclipse/arduinoPlugin/packages/arduino/hardware/avr/1.6.17/cores/arduino" -I"/Users/sgerasimou/Documents/Eclipse/Eclipse Arduino/Eclipse Arduino.app/Contents/Eclipse/arduinoPlugin/packages/arduino/hardware/avr/1.6.17/variants/standard" -MMD -MP -MF".ino.cpp.d" -MT".ino.cpp.o" -D__IN_ECLIPSE__=1 -x c++ "../.ino.cpp"  -o  ".ino.cpp.o"
Finished building: ../.ino.cpp
 
Building file: /Users/sgerasimou/Documents/Eclipse/Eclipse Arduino/Eclipse Arduino.app/Contents/Eclipse/arduinoPlugin/packages/arduino/hardware/avr/1.6.17/cores/arduino/CDC.cpp
Starting C++ compile
"/Users/sgerasimou/Documents/Eclipse/Eclipse Arduino/Eclipse Arduino.app/Contents/Eclipse//arduinoPlugin/packages/arduino/tools/avr-gcc/4.9.2-atmel3.5.3-arduino2/bin/avr-g++" -c -g -Os -Wall -Wextra -std=gnu++11 -fpermissive -fno-exceptions -ffunction-sections -fdata-sections -fno-threadsafe-statics -flto -mmcu=atmega328p -DF_CPU=16000000L -DARDUINO=10609 -DARDUINO_AVR_UNO -DARDUINO_ARCH_AVR   -I"/Users/sgerasimou/Documents/Eclipse/Eclipse Arduino/Eclipse Arduino.app/Contents/Eclipse/arduinoPlugin/packages/arduino/hardware/avr/1.6.17/cores/arduino" -I"/Users/sgerasimou/Documents/Eclipse/Eclipse Arduino/Eclipse Arduino.app/Contents/Eclipse/arduinoPlugin/packages/arduino/hardware/avr/1.6.17/variants/standard" -MMD -MP -MF"core/CDC.cpp.d" -MT"core/CDC.cpp.o" -D__IN_ECLIPSE__=1 -x c++ "/Users/sgerasimou/Documents/Eclipse/Eclipse Arduino/Eclipse Arduino.app/Contents/Eclipse/arduinoPlugin/packages/arduino/hardware/avr/1.6.17/cores/arduino/CDC.cpp"  -o  "core/CDC.cpp.o"
Finished building: /Users/sgerasimou/Documents/Eclipse/Eclipse Arduino/Eclipse Arduino.app/Contents/Eclipse/arduinoPlugin/packages/arduino/hardware/avr/1.6.17/cores/arduino/CDC.cpp
 
Building file: /Users/sgerasimou/Documents/Eclipse/Eclipse Arduino/Eclipse Arduino.app/Contents/Eclipse/arduinoPlugin/packages/arduino/hardware/avr/1.6.17/cores/arduino/HardwareSerial.cpp
Starting C++ compile
"/Users/sgerasimou/Documents/Eclipse/Eclipse Arduino/Eclipse Arduino.app/Contents/Eclipse//arduinoPlugin/packages/arduino/tools/avr-gcc/4.9.2-atmel3.5.3-arduino2/bin/avr-g++" -c -g -Os -Wall -Wextra -std=gnu++11 -fpermissive -fno-exceptions -ffunction-sections -fdata-sections -fno-threadsafe-statics -flto -mmcu=atmega328p -DF_CPU=16000000L -DARDUINO=10609 -DARDUINO_AVR_UNO -DARDUINO_ARCH_AVR   -I"/Users/sgerasimou/Documents/Eclipse/Eclipse Arduino/Eclipse Arduino.app/Contents/Eclipse/arduinoPlugin/packages/arduino/hardware/avr/1.6.17/cores/arduino" -I"/Users/sgerasimou/Documents/Eclipse/Eclipse Arduino/Eclipse Arduino.app/Contents/Eclipse/arduinoPlugin/packages/arduino/hardware/avr/1.6.17/variants/standard" -MMD -MP -MF"core/HardwareSerial.cpp.d" -MT"core/HardwareSerial.cpp.o" -D__IN_ECLIPSE__=1 -x c++ "/Users/sgerasimou/Documents/Eclipse/Eclipse Arduino/Eclipse Arduino.app/Contents/Eclipse/arduinoPlugin/packages/arduino/hardware/avr/1.6.17/cores/arduino/HardwareSerial.cpp"  -o  "core/HardwareSerial.cpp.o"
Finished building: /Users/sgerasimou/Documents/Eclipse/Eclipse Arduino/Eclipse Arduino.app/Contents/Eclipse/arduinoPlugin/packages/arduino/hardware/avr/1.6.17/cores/arduino/HardwareSerial.cpp
 
Building file: /Users/sgerasimou/Documents/Eclipse/Eclipse Arduino/Eclipse Arduino.app/Contents/Eclipse/arduinoPlugin/packages/arduino/hardware/avr/1.6.17/cores/arduino/HardwareSerial0.cpp
Starting C++ compile
"/Users/sgerasimou/Documents/Eclipse/Eclipse Arduino/Eclipse Arduino.app/Contents/Eclipse//arduinoPlugin/packages/arduino/tools/avr-gcc/4.9.2-atmel3.5.3-arduino2/bin/avr-g++" -c -g -Os -Wall -Wextra -std=gnu++11 -fpermissive -fno-exceptions -ffunction-sections -fdata-sections -fno-threadsafe-statics -flto -mmcu=atmega328p -DF_CPU=16000000L -DARDUINO=10609 -DARDUINO_AVR_UNO -DARDUINO_ARCH_AVR   -I"/Users/sgerasimou/Documents/Eclipse/Eclipse Arduino/Eclipse Arduino.app/Contents/Eclipse/arduinoPlugin/packages/arduino/hardware/avr/1.6.17/cores/arduino" -I"/Users/sgerasimou/Documents/Eclipse/Eclipse Arduino/Eclipse Arduino.app/Contents/Eclipse/arduinoPlugin/packages/arduino/hardware/avr/1.6.17/variants/standard" -MMD -MP -MF"core/HardwareSerial0.cpp.d" -MT"core/HardwareSerial0.cpp.o" -D__IN_ECLIPSE__=1 -x c++ "/Users/sgerasimou/Documents/Eclipse/Eclipse Arduino/Eclipse Arduino.app/Contents/Eclipse/arduinoPlugin/packages/arduino/hardware/avr/1.6.17/cores/arduino/HardwareSerial0.cpp"  -o  "core/HardwareSerial0.cpp.o"
Finished building: /Users/sgerasimou/Documents/Eclipse/Eclipse Arduino/Eclipse Arduino.app/Contents/Eclipse/arduinoPlugin/packages/arduino/hardware/avr/1.6.17/cores/arduino/HardwareSerial0.cpp
 
Building file: /Users/sgerasimou/Documents/Eclipse/Eclipse Arduino/Eclipse Arduino.app/Contents/Eclipse/arduinoPlugin/packages/arduino/hardware/avr/1.6.17/cores/arduino/HardwareSerial1.cpp
Starting C++ compile
"/Users/sgerasimou/Documents/Eclipse/Eclipse Arduino/Eclipse Arduino.app/Contents/Eclipse//arduinoPlugin/packages/arduino/tools/avr-gcc/4.9.2-atmel3.5.3-arduino2/bin/avr-g++" -c -g -Os -Wall -Wextra -std=gnu++11 -fpermissive -fno-exceptions -ffunction-sections -fdata-sections -fno-threadsafe-statics -flto -mmcu=atmega328p -DF_CPU=16000000L -DARDUINO=10609 -DARDUINO_AVR_UNO -DARDUINO_ARCH_AVR   -I"/Users/sgerasimou/Documents/Eclipse/Eclipse Arduino/Eclipse Arduino.app/Contents/Eclipse/arduinoPlugin/packages/arduino/hardware/avr/1.6.17/cores/arduino" -I"/Users/sgerasimou/Documents/Eclipse/Eclipse Arduino/Eclipse Arduino.app/Contents/Eclipse/arduinoPlugin/packages/arduino/hardware/avr/1.6.17/variants/standard" -MMD -MP -MF"core/HardwareSerial1.cpp.d" -MT"core/HardwareSerial1.cpp.o" -D__IN_ECLIPSE__=1 -x c++ "/Users/sgerasimou/Documents/Eclipse/Eclipse Arduino/Eclipse Arduino.app/Contents/Eclipse/arduinoPlugin/packages/arduino/hardware/avr/1.6.17/cores/arduino/HardwareSerial1.cpp"  -o  "core/HardwareSerial1.cpp.o"
Finished building: /Users/sgerasimou/Documents/Eclipse/Eclipse Arduino/Eclipse Arduino.app/Contents/Eclipse/arduinoPlugin/packages/arduino/hardware/avr/1.6.17/cores/arduino/HardwareSerial1.cpp
 
Building file: /Users/sgerasimou/Documents/Eclipse/Eclipse Arduino/Eclipse Arduino.app/Contents/Eclipse/arduinoPlugin/packages/arduino/hardware/avr/1.6.17/cores/arduino/HardwareSerial2.cpp
Starting C++ compile
"/Users/sgerasimou/Documents/Eclipse/Eclipse Arduino/Eclipse Arduino.app/Contents/Eclipse//arduinoPlugin/packages/arduino/tools/avr-gcc/4.9.2-atmel3.5.3-arduino2/bin/avr-g++" -c -g -Os -Wall -Wextra -std=gnu++11 -fpermissive -fno-exceptions -ffunction-sections -fdata-sections -fno-threadsafe-statics -flto -mmcu=atmega328p -DF_CPU=16000000L -DARDUINO=10609 -DARDUINO_AVR_UNO -DARDUINO_ARCH_AVR   -I"/Users/sgerasimou/Documents/Eclipse/Eclipse Arduino/Eclipse Arduino.app/Contents/Eclipse/arduinoPlugin/packages/arduino/hardware/avr/1.6.17/cores/arduino" -I"/Users/sgerasimou/Documents/Eclipse/Eclipse Arduino/Eclipse Arduino.app/Contents/Eclipse/arduinoPlugin/packages/arduino/hardware/avr/1.6.17/variants/standard" -MMD -MP -MF"core/HardwareSerial2.cpp.d" -MT"core/HardwareSerial2.cpp.o" -D__IN_ECLIPSE__=1 -x c++ "/Users/sgerasimou/Documents/Eclipse/Eclipse Arduino/Eclipse Arduino.app/Contents/Eclipse/arduinoPlugin/packages/arduino/hardware/avr/1.6.17/cores/arduino/HardwareSerial2.cpp"  -o  "core/HardwareSerial2.cpp.o"
Finished building: /Users/sgerasimou/Documents/Eclipse/Eclipse Arduino/Eclipse Arduino.app/Contents/Eclipse/arduinoPlugin/packages/arduino/hardware/avr/1.6.17/cores/arduino/HardwareSerial2.cpp
 
Building file: /Users/sgerasimou/Documents/Eclipse/Eclipse Arduino/Eclipse Arduino.app/Contents/Eclipse/arduinoPlugin/packages/arduino/hardware/avr/1.6.17/cores/arduino/HardwareSerial3.cpp
Starting C++ compile
"/Users/sgerasimou/Documents/Eclipse/Eclipse Arduino/Eclipse Arduino.app/Contents/Eclipse//arduinoPlugin/packages/arduino/tools/avr-gcc/4.9.2-atmel3.5.3-arduino2/bin/avr-g++" -c -g -Os -Wall -Wextra -std=gnu++11 -fpermissive -fno-exceptions -ffunction-sections -fdata-sections -fno-threadsafe-statics -flto -mmcu=atmega328p -DF_CPU=16000000L -DARDUINO=10609 -DARDUINO_AVR_UNO -DARDUINO_ARCH_AVR   -I"/Users/sgerasimou/Documents/Eclipse/Eclipse Arduino/Eclipse Arduino.app/Contents/Eclipse/arduinoPlugin/packages/arduino/hardware/avr/1.6.17/cores/arduino" -I"/Users/sgerasimou/Documents/Eclipse/Eclipse Arduino/Eclipse Arduino.app/Contents/Eclipse/arduinoPlugin/packages/arduino/hardware/avr/1.6.17/variants/standard" -MMD -MP -MF"core/HardwareSerial3.cpp.d" -MT"core/HardwareSerial3.cpp.o" -D__IN_ECLIPSE__=1 -x c++ "/Users/sgerasimou/Documents/Eclipse/Eclipse Arduino/Eclipse Arduino.app/Contents/Eclipse/arduinoPlugin/packages/arduino/hardware/avr/1.6.17/cores/arduino/HardwareSerial3.cpp"  -o  "core/HardwareSerial3.cpp.o"
Finished building: /Users/sgerasimou/Documents/Eclipse/Eclipse Arduino/Eclipse Arduino.app/Contents/Eclipse/arduinoPlugin/packages/arduino/hardware/avr/1.6.17/cores/arduino/HardwareSerial3.cpp
 
Building file: /Users/sgerasimou/Documents/Eclipse/Eclipse Arduino/Eclipse Arduino.app/Contents/Eclipse/arduinoPlugin/packages/arduino/hardware/avr/1.6.17/cores/arduino/IPAddress.cpp
Starting C++ compile
"/Users/sgerasimou/Documents/Eclipse/Eclipse Arduino/Eclipse Arduino.app/Contents/Eclipse//arduinoPlugin/packages/arduino/tools/avr-gcc/4.9.2-atmel3.5.3-arduino2/bin/avr-g++" -c -g -Os -Wall -Wextra -std=gnu++11 -fpermissive -fno-exceptions -ffunction-sections -fdata-sections -fno-threadsafe-statics -flto -mmcu=atmega328p -DF_CPU=16000000L -DARDUINO=10609 -DARDUINO_AVR_UNO -DARDUINO_ARCH_AVR   -I"/Users/sgerasimou/Documents/Eclipse/Eclipse Arduino/Eclipse Arduino.app/Contents/Eclipse/arduinoPlugin/packages/arduino/hardware/avr/1.6.17/cores/arduino" -I"/Users/sgerasimou/Documents/Eclipse/Eclipse Arduino/Eclipse Arduino.app/Contents/Eclipse/arduinoPlugin/packages/arduino/hardware/avr/1.6.17/variants/standard" -MMD -MP -MF"core/IPAddress.cpp.d" -MT"core/IPAddress.cpp.o" -D__IN_ECLIPSE__=1 -x c++ "/Users/sgerasimou/Documents/Eclipse/Eclipse Arduino/Eclipse Arduino.app/Contents/Eclipse/arduinoPlugin/packages/arduino/hardware/avr/1.6.17/cores/arduino/IPAddress.cpp"  -o  "core/IPAddress.cpp.o"
Finished building: /Users/sgerasimou/Documents/Eclipse/Eclipse Arduino/Eclipse Arduino.app/Contents/Eclipse/arduinoPlugin/packages/arduino/hardware/avr/1.6.17/cores/arduino/IPAddress.cpp
 
Building file: /Users/sgerasimou/Documents/Eclipse/Eclipse Arduino/Eclipse Arduino.app/Contents/Eclipse/arduinoPlugin/packages/arduino/hardware/avr/1.6.17/cores/arduino/PluggableUSB.cpp
Starting C++ compile
"/Users/sgerasimou/Documents/Eclipse/Eclipse Arduino/Eclipse Arduino.app/Contents/Eclipse//arduinoPlugin/packages/arduino/tools/avr-gcc/4.9.2-atmel3.5.3-arduino2/bin/avr-g++" -c -g -Os -Wall -Wextra -std=gnu++11 -fpermissive -fno-exceptions -ffunction-sections -fdata-sections -fno-threadsafe-statics -flto -mmcu=atmega328p -DF_CPU=16000000L -DARDUINO=10609 -DARDUINO_AVR_UNO -DARDUINO_ARCH_AVR   -I"/Users/sgerasimou/Documents/Eclipse/Eclipse Arduino/Eclipse Arduino.app/Contents/Eclipse/arduinoPlugin/packages/arduino/hardware/avr/1.6.17/cores/arduino" -I"/Users/sgerasimou/Documents/Eclipse/Eclipse Arduino/Eclipse Arduino.app/Contents/Eclipse/arduinoPlugin/packages/arduino/hardware/avr/1.6.17/variants/standard" -MMD -MP -MF"core/PluggableUSB.cpp.d" -MT"core/PluggableUSB.cpp.o" -D__IN_ECLIPSE__=1 -x c++ "/Users/sgerasimou/Documents/Eclipse/Eclipse Arduino/Eclipse Arduino.app/Contents/Eclipse/arduinoPlugin/packages/arduino/hardware/avr/1.6.17/cores/arduino/PluggableUSB.cpp"  -o  "core/PluggableUSB.cpp.o"
Finished building: /Users/sgerasimou/Documents/Eclipse/Eclipse Arduino/Eclipse Arduino.app/Contents/Eclipse/arduinoPlugin/packages/arduino/hardware/avr/1.6.17/cores/arduino/PluggableUSB.cpp
 
Building file: /Users/sgerasimou/Documents/Eclipse/Eclipse Arduino/Eclipse Arduino.app/Contents/Eclipse/arduinoPlugin/packages/arduino/hardware/avr/1.6.17/cores/arduino/Print.cpp
Starting C++ compile
"/Users/sgerasimou/Documents/Eclipse/Eclipse Arduino/Eclipse Arduino.app/Contents/Eclipse//arduinoPlugin/packages/arduino/tools/avr-gcc/4.9.2-atmel3.5.3-arduino2/bin/avr-g++" -c -g -Os -Wall -Wextra -std=gnu++11 -fpermissive -fno-exceptions -ffunction-sections -fdata-sections -fno-threadsafe-statics -flto -mmcu=atmega328p -DF_CPU=16000000L -DARDUINO=10609 -DARDUINO_AVR_UNO -DARDUINO_ARCH_AVR   -I"/Users/sgerasimou/Documents/Eclipse/Eclipse Arduino/Eclipse Arduino.app/Contents/Eclipse/arduinoPlugin/packages/arduino/hardware/avr/1.6.17/cores/arduino" -I"/Users/sgerasimou/Documents/Eclipse/Eclipse Arduino/Eclipse Arduino.app/Contents/Eclipse/arduinoPlugin/packages/arduino/hardware/avr/1.6.17/variants/standard" -MMD -MP -MF"core/Print.cpp.d" -MT"core/Print.cpp.o" -D__IN_ECLIPSE__=1 -x c++ "/Users/sgerasimou/Documents/Eclipse/Eclipse Arduino/Eclipse Arduino.app/Contents/Eclipse/arduinoPlugin/packages/arduino/hardware/avr/1.6.17/cores/arduino/Print.cpp"  -o  "core/Print.cpp.o"
Finished building: /Users/sgerasimou/Documents/Eclipse/Eclipse Arduino/Eclipse Arduino.app/Contents/Eclipse/arduinoPlugin/packages/arduino/hardware/avr/1.6.17/cores/arduino/Print.cpp
 
Building file: /Users/sgerasimou/Documents/Eclipse/Eclipse Arduino/Eclipse Arduino.app/Contents/Eclipse/arduinoPlugin/packages/arduino/hardware/avr/1.6.17/cores/arduino/Stream.cpp
Starting C++ compile
"/Users/sgerasimou/Documents/Eclipse/Eclipse Arduino/Eclipse Arduino.app/Contents/Eclipse//arduinoPlugin/packages/arduino/tools/avr-gcc/4.9.2-atmel3.5.3-arduino2/bin/avr-g++" -c -g -Os -Wall -Wextra -std=gnu++11 -fpermissive -fno-exceptions -ffunction-sections -fdata-sections -fno-threadsafe-statics -flto -mmcu=atmega328p -DF_CPU=16000000L -DARDUINO=10609 -DARDUINO_AVR_UNO -DARDUINO_ARCH_AVR   -I"/Users/sgerasimou/Documents/Eclipse/Eclipse Arduino/Eclipse Arduino.app/Contents/Eclipse/arduinoPlugin/packages/arduino/hardware/avr/1.6.17/cores/arduino" -I"/Users/sgerasimou/Documents/Eclipse/Eclipse Arduino/Eclipse Arduino.app/Contents/Eclipse/arduinoPlugin/packages/arduino/hardware/avr/1.6.17/variants/standard" -MMD -MP -MF"core/Stream.cpp.d" -MT"core/Stream.cpp.o" -D__IN_ECLIPSE__=1 -x c++ "/Users/sgerasimou/Documents/Eclipse/Eclipse Arduino/Eclipse Arduino.app/Contents/Eclipse/arduinoPlugin/packages/arduino/hardware/avr/1.6.17/cores/arduino/Stream.cpp"  -o  "core/Stream.cpp.o"
Finished building: /Users/sgerasimou/Documents/Eclipse/Eclipse Arduino/Eclipse Arduino.app/Contents/Eclipse/arduinoPlugin/packages/arduino/hardware/avr/1.6.17/cores/arduino/Stream.cpp
 
Building file: /Users/sgerasimou/Documents/Eclipse/Eclipse Arduino/Eclipse Arduino.app/Contents/Eclipse/arduinoPlugin/packages/arduino/hardware/avr/1.6.17/cores/arduino/Tone.cpp
Starting C++ compile
"/Users/sgerasimou/Documents/Eclipse/Eclipse Arduino/Eclipse Arduino.app/Contents/Eclipse//arduinoPlugin/packages/arduino/tools/avr-gcc/4.9.2-atmel3.5.3-arduino2/bin/avr-g++" -c -g -Os -Wall -Wextra -std=gnu++11 -fpermissive -fno-exceptions -ffunction-sections -fdata-sections -fno-threadsafe-statics -flto -mmcu=atmega328p -DF_CPU=16000000L -DARDUINO=10609 -DARDUINO_AVR_UNO -DARDUINO_ARCH_AVR   -I"/Users/sgerasimou/Documents/Eclipse/Eclipse Arduino/Eclipse Arduino.app/Contents/Eclipse/arduinoPlugin/packages/arduino/hardware/avr/1.6.17/cores/arduino" -I"/Users/sgerasimou/Documents/Eclipse/Eclipse Arduino/Eclipse Arduino.app/Contents/Eclipse/arduinoPlugin/packages/arduino/hardware/avr/1.6.17/variants/standard" -MMD -MP -MF"core/Tone.cpp.d" -MT"core/Tone.cpp.o" -D__IN_ECLIPSE__=1 -x c++ "/Users/sgerasimou/Documents/Eclipse/Eclipse Arduino/Eclipse Arduino.app/Contents/Eclipse/arduinoPlugin/packages/arduino/hardware/avr/1.6.17/cores/arduino/Tone.cpp"  -o  "core/Tone.cpp.o"
Finished building: /Users/sgerasimou/Documents/Eclipse/Eclipse Arduino/Eclipse Arduino.app/Contents/Eclipse/arduinoPlugin/packages/arduino/hardware/avr/1.6.17/cores/arduino/Tone.cpp
 
Building file: /Users/sgerasimou/Documents/Eclipse/Eclipse Arduino/Eclipse Arduino.app/Contents/Eclipse/arduinoPlugin/packages/arduino/hardware/avr/1.6.17/cores/arduino/USBCore.cpp
Starting C++ compile
"/Users/sgerasimou/Documents/Eclipse/Eclipse Arduino/Eclipse Arduino.app/Contents/Eclipse//arduinoPlugin/packages/arduino/tools/avr-gcc/4.9.2-atmel3.5.3-arduino2/bin/avr-g++" -c -g -Os -Wall -Wextra -std=gnu++11 -fpermissive -fno-exceptions -ffunction-sections -fdata-sections -fno-threadsafe-statics -flto -mmcu=atmega328p -DF_CPU=16000000L -DARDUINO=10609 -DARDUINO_AVR_UNO -DARDUINO_ARCH_AVR   -I"/Users/sgerasimou/Documents/Eclipse/Eclipse Arduino/Eclipse Arduino.app/Contents/Eclipse/arduinoPlugin/packages/arduino/hardware/avr/1.6.17/cores/arduino" -I"/Users/sgerasimou/Documents/Eclipse/Eclipse Arduino/Eclipse Arduino.app/Contents/Eclipse/arduinoPlugin/packages/arduino/hardware/avr/1.6.17/variants/standard" -MMD -MP -MF"core/USBCore.cpp.d" -MT"core/USBCore.cpp.o" -D__IN_ECLIPSE__=1 -x c++ "/Users/sgerasimou/Documents/Eclipse/Eclipse Arduino/Eclipse Arduino.app/Contents/Eclipse/arduinoPlugin/packages/arduino/hardware/avr/1.6.17/cores/arduino/USBCore.cpp"  -o  "core/USBCore.cpp.o"
Finished building: /Users/sgerasimou/Documents/Eclipse/Eclipse Arduino/Eclipse Arduino.app/Contents/Eclipse/arduinoPlugin/packages/arduino/hardware/avr/1.6.17/cores/arduino/USBCore.cpp
 
Building file: /Users/sgerasimou/Documents/Eclipse/Eclipse Arduino/Eclipse Arduino.app/Contents/Eclipse/arduinoPlugin/packages/arduino/hardware/avr/1.6.17/cores/arduino/WInterrupts.c
Starting C compile
"/Users/sgerasimou/Documents/Eclipse/Eclipse Arduino/Eclipse Arduino.app/Contents/Eclipse//arduinoPlugin/packages/arduino/tools/avr-gcc/4.9.2-atmel3.5.3-arduino2/bin/avr-gcc" -c -g -Os -Wall -Wextra -std=gnu11 -ffunction-sections -fdata-sections -flto -fno-fat-lto-objects -mmcu=atmega328p -DF_CPU=16000000L -DARDUINO=10609 -DARDUINO_AVR_UNO -DARDUINO_ARCH_AVR   -I"/Users/sgerasimou/Documents/Eclipse/Eclipse Arduino/Eclipse Arduino.app/Contents/Eclipse/arduinoPlugin/packages/arduino/hardware/avr/1.6.17/cores/arduino" -I"/Users/sgerasimou/Documents/Eclipse/Eclipse Arduino/Eclipse Arduino.app/Contents/Eclipse/arduinoPlugin/packages/arduino/hardware/avr/1.6.17/variants/standard" -MMD -MP -MF"core/WInterrupts.c.d" -MT"core/WInterrupts.c.o" -D__IN_ECLIPSE__=1 "/Users/sgerasimou/Documents/Eclipse/Eclipse Arduino/Eclipse Arduino.app/Contents/Eclipse/arduinoPlugin/packages/arduino/hardware/avr/1.6.17/cores/arduino/WInterrupts.c"  -o  "core/WInterrupts.c.o"
Finished building: /Users/sgerasimou/Documents/Eclipse/Eclipse Arduino/Eclipse Arduino.app/Contents/Eclipse/arduinoPlugin/packages/arduino/hardware/avr/1.6.17/cores/arduino/WInterrupts.c
 
Building file: /Users/sgerasimou/Documents/Eclipse/Eclipse Arduino/Eclipse Arduino.app/Contents/Eclipse/arduinoPlugin/packages/arduino/hardware/avr/1.6.17/cores/arduino/WMath.cpp
Starting C++ compile
"/Users/sgerasimou/Documents/Eclipse/Eclipse Arduino/Eclipse Arduino.app/Contents/Eclipse//arduinoPlugin/packages/arduino/tools/avr-gcc/4.9.2-atmel3.5.3-arduino2/bin/avr-g++" -c -g -Os -Wall -Wextra -std=gnu++11 -fpermissive -fno-exceptions -ffunction-sections -fdata-sections -fno-threadsafe-statics -flto -mmcu=atmega328p -DF_CPU=16000000L -DARDUINO=10609 -DARDUINO_AVR_UNO -DARDUINO_ARCH_AVR   -I"/Users/sgerasimou/Documents/Eclipse/Eclipse Arduino/Eclipse Arduino.app/Contents/Eclipse/arduinoPlugin/packages/arduino/hardware/avr/1.6.17/cores/arduino" -I"/Users/sgerasimou/Documents/Eclipse/Eclipse Arduino/Eclipse Arduino.app/Contents/Eclipse/arduinoPlugin/packages/arduino/hardware/avr/1.6.17/variants/standard" -MMD -MP -MF"core/WMath.cpp.d" -MT"core/WMath.cpp.o" -D__IN_ECLIPSE__=1 -x c++ "/Users/sgerasimou/Documents/Eclipse/Eclipse Arduino/Eclipse Arduino.app/Contents/Eclipse/arduinoPlugin/packages/arduino/hardware/avr/1.6.17/cores/arduino/WMath.cpp"  -o  "core/WMath.cpp.o"
Finished building: /Users/sgerasimou/Documents/Eclipse/Eclipse Arduino/Eclipse Arduino.app/Contents/Eclipse/arduinoPlugin/packages/arduino/hardware/avr/1.6.17/cores/arduino/WMath.cpp
 
Building file: /Users/sgerasimou/Documents/Eclipse/Eclipse Arduino/Eclipse Arduino.app/Contents/Eclipse/arduinoPlugin/packages/arduino/hardware/avr/1.6.17/cores/arduino/WString.cpp
Starting C++ compile
"/Users/sgerasimou/Documents/Eclipse/Eclipse Arduino/Eclipse Arduino.app/Contents/Eclipse//arduinoPlugin/packages/arduino/tools/avr-gcc/4.9.2-atmel3.5.3-arduino2/bin/avr-g++" -c -g -Os -Wall -Wextra -std=gnu++11 -fpermissive -fno-exceptions -ffunction-sections -fdata-sections -fno-threadsafe-statics -flto -mmcu=atmega328p -DF_CPU=16000000L -DARDUINO=10609 -DARDUINO_AVR_UNO -DARDUINO_ARCH_AVR   -I"/Users/sgerasimou/Documents/Eclipse/Eclipse Arduino/Eclipse Arduino.app/Contents/Eclipse/arduinoPlugin/packages/arduino/hardware/avr/1.6.17/cores/arduino" -I"/Users/sgerasimou/Documents/Eclipse/Eclipse Arduino/Eclipse Arduino.app/Contents/Eclipse/arduinoPlugin/packages/arduino/hardware/avr/1.6.17/variants/standard" -MMD -MP -MF"core/WString.cpp.d" -MT"core/WString.cpp.o" -D__IN_ECLIPSE__=1 -x c++ "/Users/sgerasimou/Documents/Eclipse/Eclipse Arduino/Eclipse Arduino.app/Contents/Eclipse/arduinoPlugin/packages/arduino/hardware/avr/1.6.17/cores/arduino/WString.cpp"  -o  "core/WString.cpp.o"
Finished building: /Users/sgerasimou/Documents/Eclipse/Eclipse Arduino/Eclipse Arduino.app/Contents/Eclipse/arduinoPlugin/packages/arduino/hardware/avr/1.6.17/cores/arduino/WString.cpp
 
Building file: /Users/sgerasimou/Documents/Eclipse/Eclipse Arduino/Eclipse Arduino.app/Contents/Eclipse/arduinoPlugin/packages/arduino/hardware/avr/1.6.17/cores/arduino/abi.cpp
Starting C++ compile
"/Users/sgerasimou/Documents/Eclipse/Eclipse Arduino/Eclipse Arduino.app/Contents/Eclipse//arduinoPlugin/packages/arduino/tools/avr-gcc/4.9.2-atmel3.5.3-arduino2/bin/avr-g++" -c -g -Os -Wall -Wextra -std=gnu++11 -fpermissive -fno-exceptions -ffunction-sections -fdata-sections -fno-threadsafe-statics -flto -mmcu=atmega328p -DF_CPU=16000000L -DARDUINO=10609 -DARDUINO_AVR_UNO -DARDUINO_ARCH_AVR   -I"/Users/sgerasimou/Documents/Eclipse/Eclipse Arduino/Eclipse Arduino.app/Contents/Eclipse/arduinoPlugin/packages/arduino/hardware/avr/1.6.17/cores/arduino" -I"/Users/sgerasimou/Documents/Eclipse/Eclipse Arduino/Eclipse Arduino.app/Contents/Eclipse/arduinoPlugin/packages/arduino/hardware/avr/1.6.17/variants/standard" -MMD -MP -MF"core/abi.cpp.d" -MT"core/abi.cpp.o" -D__IN_ECLIPSE__=1 -x c++ "/Users/sgerasimou/Documents/Eclipse/Eclipse Arduino/Eclipse Arduino.app/Contents/Eclipse/arduinoPlugin/packages/arduino/hardware/avr/1.6.17/cores/arduino/abi.cpp"  -o  "core/abi.cpp.o"
Finished building: /Users/sgerasimou/Documents/Eclipse/Eclipse Arduino/Eclipse Arduino.app/Contents/Eclipse/arduinoPlugin/packages/arduino/hardware/avr/1.6.17/cores/arduino/abi.cpp
 
Building file: /Users/sgerasimou/Documents/Eclipse/Eclipse Arduino/Eclipse Arduino.app/Contents/Eclipse/arduinoPlugin/packages/arduino/hardware/avr/1.6.17/cores/arduino/hooks.c
Starting C compile
"/Users/sgerasimou/Documents/Eclipse/Eclipse Arduino/Eclipse Arduino.app/Contents/Eclipse//arduinoPlugin/packages/arduino/tools/avr-gcc/4.9.2-atmel3.5.3-arduino2/bin/avr-gcc" -c -g -Os -Wall -Wextra -std=gnu11 -ffunction-sections -fdata-sections -flto -fno-fat-lto-objects -mmcu=atmega328p -DF_CPU=16000000L -DARDUINO=10609 -DARDUINO_AVR_UNO -DARDUINO_ARCH_AVR   -I"/Users/sgerasimou/Documents/Eclipse/Eclipse Arduino/Eclipse Arduino.app/Contents/Eclipse/arduinoPlugin/packages/arduino/hardware/avr/1.6.17/cores/arduino" -I"/Users/sgerasimou/Documents/Eclipse/Eclipse Arduino/Eclipse Arduino.app/Contents/Eclipse/arduinoPlugin/packages/arduino/hardware/avr/1.6.17/variants/standard" -MMD -MP -MF"core/hooks.c.d" -MT"core/hooks.c.o" -D__IN_ECLIPSE__=1 "/Users/sgerasimou/Documents/Eclipse/Eclipse Arduino/Eclipse Arduino.app/Contents/Eclipse/arduinoPlugin/packages/arduino/hardware/avr/1.6.17/cores/arduino/hooks.c"  -o  "core/hooks.c.o"
Finished building: /Users/sgerasimou/Documents/Eclipse/Eclipse Arduino/Eclipse Arduino.app/Contents/Eclipse/arduinoPlugin/packages/arduino/hardware/avr/1.6.17/cores/arduino/hooks.c
 
Building file: /Users/sgerasimou/Documents/Eclipse/Eclipse Arduino/Eclipse Arduino.app/Contents/Eclipse/arduinoPlugin/packages/arduino/hardware/avr/1.6.17/cores/arduino/main.cpp
Starting C++ compile
"/Users/sgerasimou/Documents/Eclipse/Eclipse Arduino/Eclipse Arduino.app/Contents/Eclipse//arduinoPlugin/packages/arduino/tools/avr-gcc/4.9.2-atmel3.5.3-arduino2/bin/avr-g++" -c -g -Os -Wall -Wextra -std=gnu++11 -fpermissive -fno-exceptions -ffunction-sections -fdata-sections -fno-threadsafe-statics -flto -mmcu=atmega328p -DF_CPU=16000000L -DARDUINO=10609 -DARDUINO_AVR_UNO -DARDUINO_ARCH_AVR   -I"/Users/sgerasimou/Documents/Eclipse/Eclipse Arduino/Eclipse Arduino.app/Contents/Eclipse/arduinoPlugin/packages/arduino/hardware/avr/1.6.17/cores/arduino" -I"/Users/sgerasimou/Documents/Eclipse/Eclipse Arduino/Eclipse Arduino.app/Contents/Eclipse/arduinoPlugin/packages/arduino/hardware/avr/1.6.17/variants/standard" -MMD -MP -MF"core/main.cpp.d" -MT"core/main.cpp.o" -D__IN_ECLIPSE__=1 -x c++ "/Users/sgerasimou/Documents/Eclipse/Eclipse Arduino/Eclipse Arduino.app/Contents/Eclipse/arduinoPlugin/packages/arduino/hardware/avr/1.6.17/cores/arduino/main.cpp"  -o  "core/main.cpp.o"
Finished building: /Users/sgerasimou/Documents/Eclipse/Eclipse Arduino/Eclipse Arduino.app/Contents/Eclipse/arduinoPlugin/packages/arduino/hardware/avr/1.6.17/cores/arduino/main.cpp
 
Building file: /Users/sgerasimou/Documents/Eclipse/Eclipse Arduino/Eclipse Arduino.app/Contents/Eclipse/arduinoPlugin/packages/arduino/hardware/avr/1.6.17/cores/arduino/new.cpp
Starting C++ compile
"/Users/sgerasimou/Documents/Eclipse/Eclipse Arduino/Eclipse Arduino.app/Contents/Eclipse//arduinoPlugin/packages/arduino/tools/avr-gcc/4.9.2-atmel3.5.3-arduino2/bin/avr-g++" -c -g -Os -Wall -Wextra -std=gnu++11 -fpermissive -fno-exceptions -ffunction-sections -fdata-sections -fno-threadsafe-statics -flto -mmcu=atmega328p -DF_CPU=16000000L -DARDUINO=10609 -DARDUINO_AVR_UNO -DARDUINO_ARCH_AVR   -I"/Users/sgerasimou/Documents/Eclipse/Eclipse Arduino/Eclipse Arduino.app/Contents/Eclipse/arduinoPlugin/packages/arduino/hardware/avr/1.6.17/cores/arduino" -I"/Users/sgerasimou/Documents/Eclipse/Eclipse Arduino/Eclipse Arduino.app/Contents/Eclipse/arduinoPlugin/packages/arduino/hardware/avr/1.6.17/variants/standard" -MMD -MP -MF"core/new.cpp.d" -MT"core/new.cpp.o" -D__IN_ECLIPSE__=1 -x c++ "/Users/sgerasimou/Documents/Eclipse/Eclipse Arduino/Eclipse Arduino.app/Contents/Eclipse/arduinoPlugin/packages/arduino/hardware/avr/1.6.17/cores/arduino/new.cpp"  -o  "core/new.cpp.o"
Finished building: /Users/sgerasimou/Documents/Eclipse/Eclipse Arduino/Eclipse Arduino.app/Contents/Eclipse/arduinoPlugin/packages/arduino/hardware/avr/1.6.17/cores/arduino/new.cpp
 
Building file: /Users/sgerasimou/Documents/Eclipse/Eclipse Arduino/Eclipse Arduino.app/Contents/Eclipse/arduinoPlugin/packages/arduino/hardware/avr/1.6.17/cores/arduino/wiring.c
Starting C compile
"/Users/sgerasimou/Documents/Eclipse/Eclipse Arduino/Eclipse Arduino.app/Contents/Eclipse//arduinoPlugin/packages/arduino/tools/avr-gcc/4.9.2-atmel3.5.3-arduino2/bin/avr-gcc" -c -g -Os -Wall -Wextra -std=gnu11 -ffunction-sections -fdata-sections -flto -fno-fat-lto-objects -mmcu=atmega328p -DF_CPU=16000000L -DARDUINO=10609 -DARDUINO_AVR_UNO -DARDUINO_ARCH_AVR   -I"/Users/sgerasimou/Documents/Eclipse/Eclipse Arduino/Eclipse Arduino.app/Contents/Eclipse/arduinoPlugin/packages/arduino/hardware/avr/1.6.17/cores/arduino" -I"/Users/sgerasimou/Documents/Eclipse/Eclipse Arduino/Eclipse Arduino.app/Contents/Eclipse/arduinoPlugin/packages/arduino/hardware/avr/1.6.17/variants/standard" -MMD -MP -MF"core/wiring.c.d" -MT"core/wiring.c.o" -D__IN_ECLIPSE__=1 "/Users/sgerasimou/Documents/Eclipse/Eclipse Arduino/Eclipse Arduino.app/Contents/Eclipse/arduinoPlugin/packages/arduino/hardware/avr/1.6.17/cores/arduino/wiring.c"  -o  "core/wiring.c.o"
Finished building: /Users/sgerasimou/Documents/Eclipse/Eclipse Arduino/Eclipse Arduino.app/Contents/Eclipse/arduinoPlugin/packages/arduino/hardware/avr/1.6.17/cores/arduino/wiring.c
 
Building file: /Users/sgerasimou/Documents/Eclipse/Eclipse Arduino/Eclipse Arduino.app/Contents/Eclipse/arduinoPlugin/packages/arduino/hardware/avr/1.6.17/cores/arduino/wiring_analog.c
Starting C compile
"/Users/sgerasimou/Documents/Eclipse/Eclipse Arduino/Eclipse Arduino.app/Contents/Eclipse//arduinoPlugin/packages/arduino/tools/avr-gcc/4.9.2-atmel3.5.3-arduino2/bin/avr-gcc" -c -g -Os -Wall -Wextra -std=gnu11 -ffunction-sections -fdata-sections -flto -fno-fat-lto-objects -mmcu=atmega328p -DF_CPU=16000000L -DARDUINO=10609 -DARDUINO_AVR_UNO -DARDUINO_ARCH_AVR   -I"/Users/sgerasimou/Documents/Eclipse/Eclipse Arduino/Eclipse Arduino.app/Contents/Eclipse/arduinoPlugin/packages/arduino/hardware/avr/1.6.17/cores/arduino" -I"/Users/sgerasimou/Documents/Eclipse/Eclipse Arduino/Eclipse Arduino.app/Contents/Eclipse/arduinoPlugin/packages/arduino/hardware/avr/1.6.17/variants/standard" -MMD -MP -MF"core/wiring_analog.c.d" -MT"core/wiring_analog.c.o" -D__IN_ECLIPSE__=1 "/Users/sgerasimou/Documents/Eclipse/Eclipse Arduino/Eclipse Arduino.app/Contents/Eclipse/arduinoPlugin/packages/arduino/hardware/avr/1.6.17/cores/arduino/wiring_analog.c"  -o  "core/wiring_analog.c.o"
Finished building: /Users/sgerasimou/Documents/Eclipse/Eclipse Arduino/Eclipse Arduino.app/Contents/Eclipse/arduinoPlugin/packages/arduino/hardware/avr/1.6.17/cores/arduino/wiring_analog.c
 
Building file: /Users/sgerasimou/Documents/Eclipse/Eclipse Arduino/Eclipse Arduino.app/Contents/Eclipse/arduinoPlugin/packages/arduino/hardware/avr/1.6.17/cores/arduino/wiring_digital.c
Starting C compile
"/Users/sgerasimou/Documents/Eclipse/Eclipse Arduino/Eclipse Arduino.app/Contents/Eclipse//arduinoPlugin/packages/arduino/tools/avr-gcc/4.9.2-atmel3.5.3-arduino2/bin/avr-gcc" -c -g -Os -Wall -Wextra -std=gnu11 -ffunction-sections -fdata-sections -flto -fno-fat-lto-objects -mmcu=atmega328p -DF_CPU=16000000L -DARDUINO=10609 -DARDUINO_AVR_UNO -DARDUINO_ARCH_AVR   -I"/Users/sgerasimou/Documents/Eclipse/Eclipse Arduino/Eclipse Arduino.app/Contents/Eclipse/arduinoPlugin/packages/arduino/hardware/avr/1.6.17/cores/arduino" -I"/Users/sgerasimou/Documents/Eclipse/Eclipse Arduino/Eclipse Arduino.app/Contents/Eclipse/arduinoPlugin/packages/arduino/hardware/avr/1.6.17/variants/standard" -MMD -MP -MF"core/wiring_digital.c.d" -MT"core/wiring_digital.c.o" -D__IN_ECLIPSE__=1 "/Users/sgerasimou/Documents/Eclipse/Eclipse Arduino/Eclipse Arduino.app/Contents/Eclipse/arduinoPlugin/packages/arduino/hardware/avr/1.6.17/cores/arduino/wiring_digital.c"  -o  "core/wiring_digital.c.o"
Finished building: /Users/sgerasimou/Documents/Eclipse/Eclipse Arduino/Eclipse Arduino.app/Contents/Eclipse/arduinoPlugin/packages/arduino/hardware/avr/1.6.17/cores/arduino/wiring_digital.c
 
Building file: /Users/sgerasimou/Documents/Eclipse/Eclipse Arduino/Eclipse Arduino.app/Contents/Eclipse/arduinoPlugin/packages/arduino/hardware/avr/1.6.17/cores/arduino/wiring_pulse.S
Starting S compile
"/Users/sgerasimou/Documents/Eclipse/Eclipse Arduino/Eclipse Arduino.app/Contents/Eclipse//arduinoPlugin/packages/arduino/tools/avr-gcc/4.9.2-atmel3.5.3-arduino2/bin/avr-gcc" -c -g -x assembler-with-cpp -flto -mmcu=atmega328p -DF_CPU=16000000L -DARDUINO=10609 -DARDUINO_AVR_UNO -DARDUINO_ARCH_AVR   -I"/Users/sgerasimou/Documents/Eclipse/Eclipse Arduino/Eclipse Arduino.app/Contents/Eclipse/arduinoPlugin/packages/arduino/hardware/avr/1.6.17/cores/arduino" -I"/Users/sgerasimou/Documents/Eclipse/Eclipse Arduino/Eclipse Arduino.app/Contents/Eclipse/arduinoPlugin/packages/arduino/hardware/avr/1.6.17/variants/standard" -MMD -MP -MF"core/wiring_pulse.S.d" -MT"core/wiring_pulse.S.o"  "/Users/sgerasimou/Documents/Eclipse/Eclipse Arduino/Eclipse Arduino.app/Contents/Eclipse/arduinoPlugin/packages/arduino/hardware/avr/1.6.17/cores/arduino/wiring_pulse.S"  -o  "core/wiring_pulse.S.o"
Finished building: /Users/sgerasimou/Documents/Eclipse/Eclipse Arduino/Eclipse Arduino.app/Contents/Eclipse/arduinoPlugin/packages/arduino/hardware/avr/1.6.17/cores/arduino/wiring_pulse.S
 
Building file: /Users/sgerasimou/Documents/Eclipse/Eclipse Arduino/Eclipse Arduino.app/Contents/Eclipse/arduinoPlugin/packages/arduino/hardware/avr/1.6.17/cores/arduino/wiring_pulse.c
Starting C compile
"/Users/sgerasimou/Documents/Eclipse/Eclipse Arduino/Eclipse Arduino.app/Contents/Eclipse//arduinoPlugin/packages/arduino/tools/avr-gcc/4.9.2-atmel3.5.3-arduino2/bin/avr-gcc" -c -g -Os -Wall -Wextra -std=gnu11 -ffunction-sections -fdata-sections -flto -fno-fat-lto-objects -mmcu=atmega328p -DF_CPU=16000000L -DARDUINO=10609 -DARDUINO_AVR_UNO -DARDUINO_ARCH_AVR   -I"/Users/sgerasimou/Documents/Eclipse/Eclipse Arduino/Eclipse Arduino.app/Contents/Eclipse/arduinoPlugin/packages/arduino/hardware/avr/1.6.17/cores/arduino" -I"/Users/sgerasimou/Documents/Eclipse/Eclipse Arduino/Eclipse Arduino.app/Contents/Eclipse/arduinoPlugin/packages/arduino/hardware/avr/1.6.17/variants/standard" -MMD -MP -MF"core/wiring_pulse.c.d" -MT"core/wiring_pulse.c.o" -D__IN_ECLIPSE__=1 "/Users/sgerasimou/Documents/Eclipse/Eclipse Arduino/Eclipse Arduino.app/Contents/Eclipse/arduinoPlugin/packages/arduino/hardware/avr/1.6.17/cores/arduino/wiring_pulse.c"  -o  "core/wiring_pulse.c.o"
Finished building: /Users/sgerasimou/Documents/Eclipse/Eclipse Arduino/Eclipse Arduino.app/Contents/Eclipse/arduinoPlugin/packages/arduino/hardware/avr/1.6.17/cores/arduino/wiring_pulse.c
 
Building file: /Users/sgerasimou/Documents/Eclipse/Eclipse Arduino/Eclipse Arduino.app/Contents/Eclipse/arduinoPlugin/packages/arduino/hardware/avr/1.6.17/cores/arduino/wiring_shift.c
Starting C compile
"/Users/sgerasimou/Documents/Eclipse/Eclipse Arduino/Eclipse Arduino.app/Contents/Eclipse//arduinoPlugin/packages/arduino/tools/avr-gcc/4.9.2-atmel3.5.3-arduino2/bin/avr-gcc" -c -g -Os -Wall -Wextra -std=gnu11 -ffunction-sections -fdata-sections -flto -fno-fat-lto-objects -mmcu=atmega328p -DF_CPU=16000000L -DARDUINO=10609 -DARDUINO_AVR_UNO -DARDUINO_ARCH_AVR   -I"/Users/sgerasimou/Documents/Eclipse/Eclipse Arduino/Eclipse Arduino.app/Contents/Eclipse/arduinoPlugin/packages/arduino/hardware/avr/1.6.17/cores/arduino" -I"/Users/sgerasimou/Documents/Eclipse/Eclipse Arduino/Eclipse Arduino.app/Contents/Eclipse/arduinoPlugin/packages/arduino/hardware/avr/1.6.17/variants/standard" -MMD -MP -MF"core/wiring_shift.c.d" -MT"core/wiring_shift.c.o" -D__IN_ECLIPSE__=1 "/Users/sgerasimou/Documents/Eclipse/Eclipse Arduino/Eclipse Arduino.app/Contents/Eclipse/arduinoPlugin/packages/arduino/hardware/avr/1.6.17/cores/arduino/wiring_shift.c"  -o  "core/wiring_shift.c.o"
Finished building: /Users/sgerasimou/Documents/Eclipse/Eclipse Arduino/Eclipse Arduino.app/Contents/Eclipse/arduinoPlugin/packages/arduino/hardware/avr/1.6.17/cores/arduino/wiring_shift.c
 
Starting archiver
"/Users/sgerasimou/Documents/Eclipse/Eclipse Arduino/Eclipse Arduino.app/Contents/Eclipse//arduinoPlugin/packages/arduino/tools/avr-gcc/4.9.2-atmel3.5.3-arduino2/bin/avr-gcc-ar" rcs    /Users/sgerasimou/Documents/Programming/sloeber-workspace/HelloWorld/Release/arduino.ar  ./core/CDC.cpp.o ./core/HardwareSerial.cpp.o ./core/HardwareSerial0.cpp.o ./core/HardwareSerial1.cpp.o ./core/HardwareSerial2.cpp.o ./core/HardwareSerial3.cpp.o ./core/IPAddress.cpp.o ./core/PluggableUSB.cpp.o ./core/Print.cpp.o ./core/Stream.cpp.o ./core/Tone.cpp.o ./core/USBCore.cpp.o ./core/WInterrupts.c.o ./core/WMath.cpp.o ./core/WString.cpp.o ./core/abi.cpp.o ./core/hooks.c.o ./core/main.cpp.o ./core/new.cpp.o ./core/wiring.c.o ./core/wiring_analog.c.o ./core/wiring_digital.c.o ./core/wiring_pulse.S.o ./core/wiring_pulse.c.o ./core/wiring_shift.c.o 
Finished building: /Users/sgerasimou/Documents/Programming/sloeber-workspace/HelloWorld/Release/arduino.ar
 
Starting combiner
"/Users/sgerasimou/Documents/Eclipse/Eclipse Arduino/Eclipse Arduino.app/Contents/Eclipse//arduinoPlugin/packages/arduino/tools/avr-gcc/4.9.2-atmel3.5.3-arduino2/bin/avr-gcc" -Wall -Wextra -Os -g -flto -fuse-linker-plugin -Wl,--gc-sections -mmcu=atmega328p -o "/Users/sgerasimou/Documents/Programming/sloeber-workspace/HelloWorld/Release/HelloWorld.elf"    ./.ino.cpp.o   /Users/sgerasimou/Documents/Programming/sloeber-workspace/HelloWorld/Release/arduino.ar    /Users/sgerasimou/Documents/Programming/sloeber-workspace/HelloWorld/Release/arduino.ar  "-L/Users/sgerasimou/Documents/Programming/sloeber-workspace/HelloWorld/Release" -lm
Finished building: HelloWorld.elf
 
Create eeprom image
"/Users/sgerasimou/Documents/Eclipse/Eclipse Arduino/Eclipse Arduino.app/Contents/Eclipse//arduinoPlugin/packages/arduino/tools/avr-gcc/4.9.2-atmel3.5.3-arduino2/bin/avr-objcopy" -O ihex -j .eeprom --set-section-flags=.eeprom=alloc,load --no-change-warnings --change-section-lma .eeprom=0  "/Users/sgerasimou/Documents/Programming/sloeber-workspace/HelloWorld/Release/HelloWorld.elf" "/Users/sgerasimou/Documents/Programming/sloeber-workspace/HelloWorld/Release/HelloWorld.eep"
"/Users/sgerasimou/Documents/Eclipse/Eclipse Arduino/Eclipse Arduino.app/Contents/Eclipse//arduinoPlugin/packages/arduino/tools/avr-gcc/4.9.2-atmel3.5.3-arduino2/bin/avr-objcopy" -O ihex -R .eeprom  "/Users/sgerasimou/Documents/Programming/sloeber-workspace/HelloWorld/Release/HelloWorld.elf" "/Users/sgerasimou/Documents/Programming/sloeber-workspace/HelloWorld/Release/HelloWorld.hex"
Finished building: HelloWorld.hex
 
Building target: HelloWorld
Printing size:
"/Users/sgerasimou/Documents/Eclipse/Eclipse Arduino/Eclipse Arduino.app/Contents/Eclipse//arduinoPlugin/packages/arduino/tools/avr-gcc/4.9.2-atmel3.5.3-arduino2/bin/avr-size" -A "/Users/sgerasimou/Documents/Programming/sloeber-workspace/HelloWorld/Release/HelloWorld.elf"
/Users/sgerasimou/Documents/Programming/sloeber-workspace/HelloWorld/Release/HelloWorld.elf  :
section                     size      addr
.data                         30   8388864
.text                       1542         0
.bss                         166   8388894
.comment                      17         0
.note.gnu.avr.deviceinfo      64         0
.debug_aranges                48         0
.debug_info                 5052         0
.debug_abbrev               2580         0
.debug_line                 1087         0
.debug_frame                 508         0
.debug_str                  1821         0
.debug_loc                  1814         0
.debug_ranges                 56         0
Total                      14785


Finished building target: HelloWorld
 

13:33:45 Build Finished (took 1s.736ms)

