15:02:05 **** Incremental Build of configuration Release for project LCD16x2 ****
make all 
Building target: LCD16x2
Printing size:
"/Users/sgerasimou/Documents/Eclipse/Eclipse Arduino/Eclipse Arduino.app/Contents/Eclipse//arduinoPlugin/packages/arduino/tools/avr-gcc/4.9.2-atmel3.5.3-arduino2/bin/avr-size" -A "/Users/sgerasimou/Documents/Programming/sloeber-workspace/LCD16x2/Release/LCD16x2.elf"
/Users/sgerasimou/Documents/Programming/sloeber-workspace/LCD16x2/Release/LCD16x2.elf  :
section                     size      addr
.data                         74   8388864
.text                       2840         0
.bss                         190   8388938
.comment                      17         0
.note.gnu.avr.deviceinfo      64         0
.debug_aranges                48         0
.debug_info                10079         0
.debug_abbrev               2961         0
.debug_line                 1784         0
.debug_frame                 792         0
.debug_str                  2387         0
.debug_loc                  4900         0
.debug_ranges                176         0
Total                      26312


Finished building target: LCD16x2
 

15:02:05 Build Finished (took 61ms)

