14:38:10 **** Incremental Build of configuration Release for project Led ****
make all 
Building target: Led
Printing size:
"/Users/sgerasimou/Documents/Eclipse/Eclipse Arduino/Eclipse Arduino.app/Contents/Eclipse//arduinoPlugin/packages/arduino/tools/avr-gcc/4.9.2-atmel3.5.3-arduino2/bin/avr-size" -A "/Users/sgerasimou/Documents/Programming/sloeber-workspace/Led/Release/Led.elf"
/Users/sgerasimou/Documents/Programming/sloeber-workspace/Led/Release/Led.elf  :
section                     size      addr
.data                         24   8388864
.text                       1874         0
.bss                         166   8388888
.comment                      17         0
.note.gnu.avr.deviceinfo      64         0
.debug_aranges                48         0
.debug_info                 6187         0
.debug_abbrev               2629         0
.debug_line                 1340         0
.debug_frame                 580         0
.debug_str                  2011         0
.debug_loc                  2483         0
.debug_ranges                 56         0
Total                      17479


Finished building target: Led
 

14:38:10 Build Finished (took 59ms)

